2018/07/23 23:09:03 [INFO] Terraform version: 0.11.7  41e50bd32a8825a84535e353c3674af8ce799161
2018/07/23 23:09:03 [INFO] Go runtime version: go1.10.1
2018/07/23 23:09:03 [INFO] CLI args: []string{"/usr/local/bin/terraform", "push", "help"}
2018/07/23 23:09:03 [DEBUG] Attempting to open CLI config file: /Users/scottliao/.terraformrc
2018/07/23 23:09:03 [DEBUG] File doesn't exist, but doesn't need to. Ignoring.
2018/07/23 23:09:03 [INFO] CLI command args: []string{"push", "help"}
2018/07/23 23:09:03 [DEBUG] plugin: waiting for all plugin processes to complete...
2018/07/23 23:09:07 [INFO] Terraform version: 0.11.7  41e50bd32a8825a84535e353c3674af8ce799161
2018/07/23 23:09:07 [INFO] Go runtime version: go1.10.1
2018/07/23 23:09:07 [INFO] CLI args: []string{"/usr/local/bin/terraform", "push"}
2018/07/23 23:09:07 [DEBUG] Attempting to open CLI config file: /Users/scottliao/.terraformrc
2018/07/23 23:09:07 [DEBUG] File doesn't exist, but doesn't need to. Ignoring.
2018/07/23 23:09:07 [INFO] CLI command args: []string{"push"}
2018/07/23 23:09:07 [INFO] command: empty backend config, returning nil
2018/07/23 23:09:07 [DEBUG] command: no data state file found for backend config
2018/07/23 23:09:07 [DEBUG] New state was assigned lineage "3c530e3a-2558-9b31-b574-10a8593fd38f"
2018/07/23 23:09:07 [INFO] command: backend initialized: <nil>
2018/07/23 23:09:07 [DEBUG] checking for provider in "."
2018/07/23 23:09:07 [DEBUG] checking for provider in "/usr/local/bin"
2018/07/23 23:09:07 [DEBUG] checking for provider in ".terraform/plugins/darwin_amd64"
2018/07/23 23:09:07 [DEBUG] found provider "terraform-provider-aws_v1.27.0_x4"
2018/07/23 23:09:07 [DEBUG] found valid plugin: "aws", "1.27.0", "/Users/scottliao/Development/shazi7804.github/terraform-aws-vpc/.terraform/plugins/darwin_amd64/terraform-provider-aws_v1.27.0_x4"
2018/07/23 23:09:07 [DEBUG] checking for provisioner in "."
2018/07/23 23:09:07 [DEBUG] checking for provisioner in "/usr/local/bin"
2018/07/23 23:09:07 [DEBUG] checking for provisioner in ".terraform/plugins/darwin_amd64"
2018/07/23 23:09:07 [INFO] command: backend <nil> is not enhanced, wrapping in local
2018/07/23 23:09:07 [DEBUG] plugin: waiting for all plugin processes to complete...
